   1              		.syntax unified
   2              		.cpu cortex-m3
   3              		.fpu softvfp
   4              		.eabi_attribute 20, 1
   5              		.eabi_attribute 21, 1
   6              		.eabi_attribute 23, 3
   7              		.eabi_attribute 24, 1
   8              		.eabi_attribute 25, 1
   9              		.eabi_attribute 26, 1
  10              		.eabi_attribute 30, 6
  11              		.eabi_attribute 34, 1
  12              		.eabi_attribute 18, 4
  13              		.thumb
  14              		.file	"usb_sil.c"
  15              		.text
  16              	.Ltext0:
  17              		.cfi_sections	.debug_frame
  18              		.section	.text.USB_SIL_Init,"ax",%progbits
  19              		.align	2
  20              		.global	USB_SIL_Init
  21              		.thumb
  22              		.thumb_func
  24              	USB_SIL_Init:
  25              	.LFB56:
  26              		.file 1 "../libraries/STM32_USB-FS-Device_Driver/src/usb_sil.c"
   1:../libraries/STM32_USB-FS-Device_Driver/src/usb_sil.c **** /**
   2:../libraries/STM32_USB-FS-Device_Driver/src/usb_sil.c ****   ******************************************************************************
   3:../libraries/STM32_USB-FS-Device_Driver/src/usb_sil.c ****   * @file    usb_sil.c
   4:../libraries/STM32_USB-FS-Device_Driver/src/usb_sil.c ****   * @author  MCD Application Team
   5:../libraries/STM32_USB-FS-Device_Driver/src/usb_sil.c ****   * @version V4.0.0
   6:../libraries/STM32_USB-FS-Device_Driver/src/usb_sil.c ****   * @date    28-August-2012
   7:../libraries/STM32_USB-FS-Device_Driver/src/usb_sil.c ****   * @brief   Simplified Interface Layer for Global Initialization and Endpoint
   8:../libraries/STM32_USB-FS-Device_Driver/src/usb_sil.c ****   *          Rea/Write operations.
   9:../libraries/STM32_USB-FS-Device_Driver/src/usb_sil.c ****   ******************************************************************************
  10:../libraries/STM32_USB-FS-Device_Driver/src/usb_sil.c ****   * @attention
  11:../libraries/STM32_USB-FS-Device_Driver/src/usb_sil.c ****   *
  12:../libraries/STM32_USB-FS-Device_Driver/src/usb_sil.c ****   * <h2><center>&copy; COPYRIGHT 2012 STMicroelectronics</center></h2>
  13:../libraries/STM32_USB-FS-Device_Driver/src/usb_sil.c ****   *
  14:../libraries/STM32_USB-FS-Device_Driver/src/usb_sil.c ****   * Licensed under MCD-ST Liberty SW License Agreement V2, (the "License");
  15:../libraries/STM32_USB-FS-Device_Driver/src/usb_sil.c ****   * You may not use this file except in compliance with the License.
  16:../libraries/STM32_USB-FS-Device_Driver/src/usb_sil.c ****   * You may obtain a copy of the License at:
  17:../libraries/STM32_USB-FS-Device_Driver/src/usb_sil.c ****   *
  18:../libraries/STM32_USB-FS-Device_Driver/src/usb_sil.c ****   *        http://www.st.com/software_license_agreement_liberty_v2
  19:../libraries/STM32_USB-FS-Device_Driver/src/usb_sil.c ****   *
  20:../libraries/STM32_USB-FS-Device_Driver/src/usb_sil.c ****   * Unless required by applicable law or agreed to in writing, software 
  21:../libraries/STM32_USB-FS-Device_Driver/src/usb_sil.c ****   * distributed under the License is distributed on an "AS IS" BASIS, 
  22:../libraries/STM32_USB-FS-Device_Driver/src/usb_sil.c ****   * WITHOUT WARRANTIES OR CONDITIONS OF ANY KIND, either express or implied.
  23:../libraries/STM32_USB-FS-Device_Driver/src/usb_sil.c ****   * See the License for the specific language governing permissions and
  24:../libraries/STM32_USB-FS-Device_Driver/src/usb_sil.c ****   * limitations under the License.
  25:../libraries/STM32_USB-FS-Device_Driver/src/usb_sil.c ****   *
  26:../libraries/STM32_USB-FS-Device_Driver/src/usb_sil.c ****   ******************************************************************************
  27:../libraries/STM32_USB-FS-Device_Driver/src/usb_sil.c ****   */
  28:../libraries/STM32_USB-FS-Device_Driver/src/usb_sil.c **** 
  29:../libraries/STM32_USB-FS-Device_Driver/src/usb_sil.c **** 
  30:../libraries/STM32_USB-FS-Device_Driver/src/usb_sil.c **** /* Includes ------------------------------------------------------------------*/
  31:../libraries/STM32_USB-FS-Device_Driver/src/usb_sil.c **** #include "usb_lib.h"
  32:../libraries/STM32_USB-FS-Device_Driver/src/usb_sil.c **** 
  33:../libraries/STM32_USB-FS-Device_Driver/src/usb_sil.c **** /* Private typedef -----------------------------------------------------------*/
  34:../libraries/STM32_USB-FS-Device_Driver/src/usb_sil.c **** /* Private define ------------------------------------------------------------*/
  35:../libraries/STM32_USB-FS-Device_Driver/src/usb_sil.c **** /* Private macro -------------------------------------------------------------*/
  36:../libraries/STM32_USB-FS-Device_Driver/src/usb_sil.c **** /* Private variables ---------------------------------------------------------*/
  37:../libraries/STM32_USB-FS-Device_Driver/src/usb_sil.c **** /* Extern variables ----------------------------------------------------------*/
  38:../libraries/STM32_USB-FS-Device_Driver/src/usb_sil.c **** /* Private function prototypes -----------------------------------------------*/
  39:../libraries/STM32_USB-FS-Device_Driver/src/usb_sil.c **** /* Private functions ---------------------------------------------------------*/
  40:../libraries/STM32_USB-FS-Device_Driver/src/usb_sil.c **** 
  41:../libraries/STM32_USB-FS-Device_Driver/src/usb_sil.c **** /*******************************************************************************
  42:../libraries/STM32_USB-FS-Device_Driver/src/usb_sil.c **** * Function Name  : USB_SIL_Init
  43:../libraries/STM32_USB-FS-Device_Driver/src/usb_sil.c **** * Description    : Initialize the USB Device IP and the Endpoint 0.
  44:../libraries/STM32_USB-FS-Device_Driver/src/usb_sil.c **** * Input          : None.
  45:../libraries/STM32_USB-FS-Device_Driver/src/usb_sil.c **** * Output         : None.
  46:../libraries/STM32_USB-FS-Device_Driver/src/usb_sil.c **** * Return         : Status.
  47:../libraries/STM32_USB-FS-Device_Driver/src/usb_sil.c **** *******************************************************************************/
  48:../libraries/STM32_USB-FS-Device_Driver/src/usb_sil.c **** uint32_t USB_SIL_Init(void)
  49:../libraries/STM32_USB-FS-Device_Driver/src/usb_sil.c **** {
  27              		.loc 1 49 0
  28              		.cfi_startproc
  29              		@ args = 0, pretend = 0, frame = 0
  30              		@ frame_needed = 1, uses_anonymous_args = 0
  31              		@ link register save eliminated.
  32 0000 80B4     		push	{r7}
  33              	.LCFI0:
  34              		.cfi_def_cfa_offset 4
  35              		.cfi_offset 7, -4
  36 0002 00AF     		add	r7, sp, #0
  37              	.LCFI1:
  38              		.cfi_def_cfa_register 7
  50:../libraries/STM32_USB-FS-Device_Driver/src/usb_sil.c ****   /* USB interrupts initialization */
  51:../libraries/STM32_USB-FS-Device_Driver/src/usb_sil.c ****   /* clear pending interrupts */
  52:../libraries/STM32_USB-FS-Device_Driver/src/usb_sil.c ****   _SetISTR(0);
  39              		.loc 1 52 0
  40 0004 45F64443 		movw	r3, #23620
  41 0008 C4F20003 		movt	r3, 16384
  42 000c 4FF00002 		mov	r2, #0
  43 0010 1A60     		str	r2, [r3, #0]
  53:../libraries/STM32_USB-FS-Device_Driver/src/usb_sil.c ****   wInterrupt_Mask = IMR_MSK;
  44              		.loc 1 53 0
  45 0012 40F20003 		movw	r3, #:lower16:wInterrupt_Mask
  46 0016 C0F20003 		movt	r3, #:upper16:wInterrupt_Mask
  47 001a 4FF40642 		mov	r2, #34304
  48 001e 1A80     		strh	r2, [r3, #0]	@ movhi
  54:../libraries/STM32_USB-FS-Device_Driver/src/usb_sil.c ****   /* set interrupts mask */
  55:../libraries/STM32_USB-FS-Device_Driver/src/usb_sil.c ****   _SetCNTR(wInterrupt_Mask);
  49              		.loc 1 55 0
  50 0020 45F64043 		movw	r3, #23616
  51 0024 C4F20003 		movt	r3, 16384
  52 0028 40F20002 		movw	r2, #:lower16:wInterrupt_Mask
  53 002c C0F20002 		movt	r2, #:upper16:wInterrupt_Mask
  54 0030 1288     		ldrh	r2, [r2, #0]
  55 0032 1A60     		str	r2, [r3, #0]
  56:../libraries/STM32_USB-FS-Device_Driver/src/usb_sil.c ****   return 0;
  56              		.loc 1 56 0
  57 0034 4FF00003 		mov	r3, #0
  57:../libraries/STM32_USB-FS-Device_Driver/src/usb_sil.c **** }
  58              		.loc 1 57 0
  59 0038 1846     		mov	r0, r3
  60 003a BD46     		mov	sp, r7
  61 003c 80BC     		pop	{r7}
  62 003e 7047     		bx	lr
  63              		.cfi_endproc
  64              	.LFE56:
  66              		.section	.text.USB_SIL_Write,"ax",%progbits
  67              		.align	2
  68              		.global	USB_SIL_Write
  69              		.thumb
  70              		.thumb_func
  72              	USB_SIL_Write:
  73              	.LFB57:
  58:../libraries/STM32_USB-FS-Device_Driver/src/usb_sil.c **** 
  59:../libraries/STM32_USB-FS-Device_Driver/src/usb_sil.c **** /*******************************************************************************
  60:../libraries/STM32_USB-FS-Device_Driver/src/usb_sil.c **** * Function Name  : USB_SIL_Write
  61:../libraries/STM32_USB-FS-Device_Driver/src/usb_sil.c **** * Description    : Write a buffer of data to a selected endpoint.
  62:../libraries/STM32_USB-FS-Device_Driver/src/usb_sil.c **** * Input          : - bEpAddr: The address of the non control endpoint.
  63:../libraries/STM32_USB-FS-Device_Driver/src/usb_sil.c **** *                  - pBufferPointer: The pointer to the buffer of data to be written
  64:../libraries/STM32_USB-FS-Device_Driver/src/usb_sil.c **** *                    to the endpoint.
  65:../libraries/STM32_USB-FS-Device_Driver/src/usb_sil.c **** *                  - wBufferSize: Number of data to be written (in bytes).
  66:../libraries/STM32_USB-FS-Device_Driver/src/usb_sil.c **** * Output         : None.
  67:../libraries/STM32_USB-FS-Device_Driver/src/usb_sil.c **** * Return         : Status.
  68:../libraries/STM32_USB-FS-Device_Driver/src/usb_sil.c **** *******************************************************************************/
  69:../libraries/STM32_USB-FS-Device_Driver/src/usb_sil.c **** uint32_t USB_SIL_Write(uint8_t bEpAddr, uint8_t* pBufferPointer, uint32_t wBufferSize)
  70:../libraries/STM32_USB-FS-Device_Driver/src/usb_sil.c **** {
  74              		.loc 1 70 0
  75              		.cfi_startproc
  76              		@ args = 0, pretend = 0, frame = 16
  77              		@ frame_needed = 1, uses_anonymous_args = 0
  78 0000 80B5     		push	{r7, lr}
  79              	.LCFI2:
  80              		.cfi_def_cfa_offset 8
  81              		.cfi_offset 7, -8
  82              		.cfi_offset 14, -4
  83 0002 84B0     		sub	sp, sp, #16
  84              	.LCFI3:
  85              		.cfi_def_cfa_offset 24
  86 0004 00AF     		add	r7, sp, #0
  87              	.LCFI4:
  88              		.cfi_def_cfa_register 7
  89 0006 0346     		mov	r3, r0
  90 0008 B960     		str	r1, [r7, #8]
  91 000a 7A60     		str	r2, [r7, #4]
  92 000c FB73     		strb	r3, [r7, #15]
  71:../libraries/STM32_USB-FS-Device_Driver/src/usb_sil.c ****   /* Use the memory interface function to write to the selected endpoint */
  72:../libraries/STM32_USB-FS-Device_Driver/src/usb_sil.c ****   UserToPMABufferCopy(pBufferPointer, GetEPTxAddr(bEpAddr & 0x7F), wBufferSize);
  93              		.loc 1 72 0
  94 000e FB7B     		ldrb	r3, [r7, #15]
  95 0010 03F07F03 		and	r3, r3, #127
  96 0014 DBB2     		uxtb	r3, r3
  97 0016 1846     		mov	r0, r3
  98 0018 FFF7FEFF 		bl	GetEPTxAddr
  99 001c 0346     		mov	r3, r0
 100 001e 1A46     		mov	r2, r3
 101 0020 7B68     		ldr	r3, [r7, #4]
 102 0022 9BB2     		uxth	r3, r3
 103 0024 B868     		ldr	r0, [r7, #8]
 104 0026 1146     		mov	r1, r2
 105 0028 1A46     		mov	r2, r3
 106 002a FFF7FEFF 		bl	UserToPMABufferCopy
  73:../libraries/STM32_USB-FS-Device_Driver/src/usb_sil.c **** 
  74:../libraries/STM32_USB-FS-Device_Driver/src/usb_sil.c ****   /* Update the data length in the control register */
  75:../libraries/STM32_USB-FS-Device_Driver/src/usb_sil.c ****   SetEPTxCount((bEpAddr & 0x7F), wBufferSize);
 107              		.loc 1 75 0
 108 002e FB7B     		ldrb	r3, [r7, #15]
 109 0030 03F07F03 		and	r3, r3, #127
 110 0034 DAB2     		uxtb	r2, r3
 111 0036 7B68     		ldr	r3, [r7, #4]
 112 0038 9BB2     		uxth	r3, r3
 113 003a 1046     		mov	r0, r2
 114 003c 1946     		mov	r1, r3
 115 003e FFF7FEFF 		bl	SetEPTxCount
  76:../libraries/STM32_USB-FS-Device_Driver/src/usb_sil.c ****   
  77:../libraries/STM32_USB-FS-Device_Driver/src/usb_sil.c ****   return 0;
 116              		.loc 1 77 0
 117 0042 4FF00003 		mov	r3, #0
  78:../libraries/STM32_USB-FS-Device_Driver/src/usb_sil.c **** }
 118              		.loc 1 78 0
 119 0046 1846     		mov	r0, r3
 120 0048 07F11007 		add	r7, r7, #16
 121 004c BD46     		mov	sp, r7
 122 004e 80BD     		pop	{r7, pc}
 123              		.cfi_endproc
 124              	.LFE57:
 126              		.section	.text.USB_SIL_Read,"ax",%progbits
 127              		.align	2
 128              		.global	USB_SIL_Read
 129              		.thumb
 130              		.thumb_func
 132              	USB_SIL_Read:
 133              	.LFB58:
  79:../libraries/STM32_USB-FS-Device_Driver/src/usb_sil.c **** 
  80:../libraries/STM32_USB-FS-Device_Driver/src/usb_sil.c **** /*******************************************************************************
  81:../libraries/STM32_USB-FS-Device_Driver/src/usb_sil.c **** * Function Name  : USB_SIL_Read
  82:../libraries/STM32_USB-FS-Device_Driver/src/usb_sil.c **** * Description    : Write a buffer of data to a selected endpoint.
  83:../libraries/STM32_USB-FS-Device_Driver/src/usb_sil.c **** * Input          : - bEpAddr: The address of the non control endpoint.
  84:../libraries/STM32_USB-FS-Device_Driver/src/usb_sil.c **** *                  - pBufferPointer: The pointer to which will be saved the 
  85:../libraries/STM32_USB-FS-Device_Driver/src/usb_sil.c **** *                     received data buffer.
  86:../libraries/STM32_USB-FS-Device_Driver/src/usb_sil.c **** * Output         : None.
  87:../libraries/STM32_USB-FS-Device_Driver/src/usb_sil.c **** * Return         : Number of received data (in Bytes).
  88:../libraries/STM32_USB-FS-Device_Driver/src/usb_sil.c **** *******************************************************************************/
  89:../libraries/STM32_USB-FS-Device_Driver/src/usb_sil.c **** uint32_t USB_SIL_Read(uint8_t bEpAddr, uint8_t* pBufferPointer)
  90:../libraries/STM32_USB-FS-Device_Driver/src/usb_sil.c **** {
 134              		.loc 1 90 0
 135              		.cfi_startproc
 136              		@ args = 0, pretend = 0, frame = 16
 137              		@ frame_needed = 1, uses_anonymous_args = 0
 138 0000 80B5     		push	{r7, lr}
 139              	.LCFI5:
 140              		.cfi_def_cfa_offset 8
 141              		.cfi_offset 7, -8
 142              		.cfi_offset 14, -4
 143 0002 84B0     		sub	sp, sp, #16
 144              	.LCFI6:
 145              		.cfi_def_cfa_offset 24
 146 0004 00AF     		add	r7, sp, #0
 147              	.LCFI7:
 148              		.cfi_def_cfa_register 7
 149 0006 0346     		mov	r3, r0
 150 0008 3960     		str	r1, [r7, #0]
 151 000a FB71     		strb	r3, [r7, #7]
  91:../libraries/STM32_USB-FS-Device_Driver/src/usb_sil.c ****   uint32_t DataLength = 0;
 152              		.loc 1 91 0
 153 000c 4FF00003 		mov	r3, #0
 154 0010 FB60     		str	r3, [r7, #12]
  92:../libraries/STM32_USB-FS-Device_Driver/src/usb_sil.c **** 
  93:../libraries/STM32_USB-FS-Device_Driver/src/usb_sil.c ****   /* Get the number of received data on the selected Endpoint */
  94:../libraries/STM32_USB-FS-Device_Driver/src/usb_sil.c ****   DataLength = GetEPRxCount(bEpAddr & 0x7F);
 155              		.loc 1 94 0
 156 0012 FB79     		ldrb	r3, [r7, #7]
 157 0014 03F07F03 		and	r3, r3, #127
 158 0018 DBB2     		uxtb	r3, r3
 159 001a 1846     		mov	r0, r3
 160 001c FFF7FEFF 		bl	GetEPRxCount
 161 0020 0346     		mov	r3, r0
 162 0022 FB60     		str	r3, [r7, #12]
  95:../libraries/STM32_USB-FS-Device_Driver/src/usb_sil.c ****   
  96:../libraries/STM32_USB-FS-Device_Driver/src/usb_sil.c ****   /* Use the memory interface function to write to the selected endpoint */
  97:../libraries/STM32_USB-FS-Device_Driver/src/usb_sil.c ****   PMAToUserBufferCopy(pBufferPointer, GetEPRxAddr(bEpAddr & 0x7F), DataLength);
 163              		.loc 1 97 0
 164 0024 FB79     		ldrb	r3, [r7, #7]
 165 0026 03F07F03 		and	r3, r3, #127
 166 002a DBB2     		uxtb	r3, r3
 167 002c 1846     		mov	r0, r3
 168 002e FFF7FEFF 		bl	GetEPRxAddr
 169 0032 0346     		mov	r3, r0
 170 0034 1A46     		mov	r2, r3
 171 0036 FB68     		ldr	r3, [r7, #12]
 172 0038 9BB2     		uxth	r3, r3
 173 003a 3868     		ldr	r0, [r7, #0]
 174 003c 1146     		mov	r1, r2
 175 003e 1A46     		mov	r2, r3
 176 0040 FFF7FEFF 		bl	PMAToUserBufferCopy
  98:../libraries/STM32_USB-FS-Device_Driver/src/usb_sil.c **** 
  99:../libraries/STM32_USB-FS-Device_Driver/src/usb_sil.c ****   /* Return the number of received data */
 100:../libraries/STM32_USB-FS-Device_Driver/src/usb_sil.c ****   return DataLength;
 177              		.loc 1 100 0
 178 0044 FB68     		ldr	r3, [r7, #12]
 101:../libraries/STM32_USB-FS-Device_Driver/src/usb_sil.c **** }
 179              		.loc 1 101 0
 180 0046 1846     		mov	r0, r3
 181 0048 07F11007 		add	r7, r7, #16
 182 004c BD46     		mov	sp, r7
 183 004e 80BD     		pop	{r7, pc}
 184              		.cfi_endproc
 185              	.LFE58:
 187              		.text
 188              	.Letext0:
 189              		.file 2 "/usr/local/gcc-arm-none-eabi-4_7-2013q1/bin/../lib/gcc/arm-none-eabi/4.7.3/../../../../ar
 190              		.file 3 "/Users/zac/code/spark/marvin/libraries/CMSIS/Include/core_cm3.h"
 191              		.file 4 "/Users/zac/code/spark/marvin/libraries/STM32_USB-FS-Device_Driver/inc/usb_init.h"
DEFINED SYMBOLS
                            *ABS*:0000000000000000 usb_sil.c
/var/folders/d1/846xqcps64v4wybnmd7kk8540000gn/T//ccpzciGP.s:19     .text.USB_SIL_Init:0000000000000000 $t
/var/folders/d1/846xqcps64v4wybnmd7kk8540000gn/T//ccpzciGP.s:24     .text.USB_SIL_Init:0000000000000000 USB_SIL_Init
/var/folders/d1/846xqcps64v4wybnmd7kk8540000gn/T//ccpzciGP.s:67     .text.USB_SIL_Write:0000000000000000 $t
/var/folders/d1/846xqcps64v4wybnmd7kk8540000gn/T//ccpzciGP.s:72     .text.USB_SIL_Write:0000000000000000 USB_SIL_Write
/var/folders/d1/846xqcps64v4wybnmd7kk8540000gn/T//ccpzciGP.s:127    .text.USB_SIL_Read:0000000000000000 $t
/var/folders/d1/846xqcps64v4wybnmd7kk8540000gn/T//ccpzciGP.s:132    .text.USB_SIL_Read:0000000000000000 USB_SIL_Read
                     .debug_frame:0000000000000010 $d
                           .group:0000000000000000 wm4.1.8991b0b359e9e91a82acb66692cb6642
                           .group:0000000000000000 wm4.platform_config.h.13.2ca19a62528956b424fb49e2e8f19911
                           .group:0000000000000000 wm4.stm32f10x.h.57.69ab29c83f735418a543aa508b559235
                           .group:0000000000000000 wm4.core_cm3.h.32.8e21fbd14bb96c2b40e026c4d2c8fe1f
                           .group:0000000000000000 wm4.newlib.h.8.a9901dc52d1357e3e94003403d43f8b5
                           .group:0000000000000000 wm4.features.h.22.b72b3baab2bb2eab3661375590100b6b
                           .group:0000000000000000 wm4.config.h.193.5fb8ef056cdff92dec3dee9552839d8c
                           .group:0000000000000000 wm4._ansi.h.23.b5bb84d7ba97d82b5b1dc1826a7ae811
                           .group:0000000000000000 wm4.stdint.h.20.54ad762faa59e3c05491630641c8d8bf
                           .group:0000000000000000 wm4.core_cmInstr.h.25.d8165482ef3061013a2fc83e2d85f3d9
                           .group:0000000000000000 wm4.core_cm3.h.129.e08b7204181ea22e6a9fa84cb9ad0924
                           .group:0000000000000000 wm4.stm32f10x.h.532.91bd57525f6c583f00129a351847d405
                           .group:0000000000000000 wm4.stm32f10x_adc.h.89.9f2b285fa0070185d48a05b61a05798c
                           .group:0000000000000000 wm4.stm32f10x_bkp.h.31.74a586c036c8ee5d9205c6728cc8d6ab
                           .group:0000000000000000 wm4.stm32f10x_dma.h.31.ef16218235edc52b414c0353f44b4bf0
                           .group:0000000000000000 wm4.stm32f10x_exti.h.31.b25bcb4f1a2daad39d2d7dfa4e901646
                           .group:0000000000000000 wm4.stm32f10x_flash.h.31.0203bc95b65c5396b67991e07a675efb
                           .group:0000000000000000 wm4.stm32f10x_gpio.h.31.0a32659dbac1fc1055c7cbdc248963be
                           .group:0000000000000000 wm4.stm32f10x_i2c.h.31.93d7dc2d477856f119d957730d4c6f1c
                           .group:0000000000000000 wm4.stm32f10x_pwr.h.31.9168b6921e0cf03b467c7ed90861c701
                           .group:0000000000000000 wm4.stm32f10x_rcc.h.31.2ee3219a25ef4ced658f2fe9d8cd94aa
                           .group:0000000000000000 wm4.stm32f10x_rtc.h.31.00ba78fc0dbb06b6e6783a1e7fccf5a0
                           .group:0000000000000000 wm4.stm32f10x_spi.h.31.d2f6e4626887cabe8c98f3a185590a36
                           .group:0000000000000000 wm4.stm32f10x_tim.h.31.6c06f7f26e0864f9cd59597f46ca2c7c
                           .group:0000000000000000 wm4.stm32f10x_usart.h.31.28d75d6af05cefbbfa00cf30a7c8a335
                           .group:0000000000000000 wm4.misc.h.31.a89fba2040036f6f8c835a78a213e0cd
                           .group:0000000000000000 wm4.stm32f10x.h.8356.9fd2fa84655112ac7dfc5c88beeb383d
                           .group:0000000000000000 wm4.platform_config.h.311.32de75d5ca6059a48a62b60f7516e681
                           .group:0000000000000000 wm4.stdlib.h.13.603ed7eb09a1561ab06840b7c0fcff58
                           .group:0000000000000000 wm4.stddef.h.187.40b3a084f9bc2c020a9e00b9eabe9c14
                           .group:0000000000000000 wm4._default_types.h.6.5e12cd604db8ce00b62bb2f02708eaf3
                           .group:0000000000000000 wm4.lock.h.2.9bc98482741e5e2a9450b12934a684ea
                           .group:0000000000000000 wm4.stddef.h.349.31f4c5baff3fa2689010b32028da9c47
                           .group:0000000000000000 wm4.reent.h.16.9e42f0e588b85e70b2bf6572af57ce64
                           .group:0000000000000000 wm4.alloca.h.8.dfc0c703c47ec3e69746825b17d9e66d
                           .group:0000000000000000 wm4.stdlib.h.50.f5923f1950ced340a337f4676566f65a
                           .group:0000000000000000 wm4.errno.h.2.ba016d646105af6cad23be83630b6a3f
                           .group:0000000000000000 wm4.errno.h.9.65044c2b5d8494e43f5986ab0a1d770f
                           .group:0000000000000000 wm4.cc3000_common.h.58.2af7f8f8921b8cb4b89883c25878e207
                           .group:0000000000000000 wm4.usb_conf.h.13.ae0ffce2e8d0e4c6b2724f8ae0ada8cf
                           .group:0000000000000000 wm4.hw_config.h.61.9aaf7ecb821816183829c116d76d82b5
                           .group:0000000000000000 wm4.usb_regs.h.31.d9533108f8ac5724467880baa9cb0f26
                           .group:0000000000000000 wm4.usb_def.h.30.73e1a84be93039018a594bacb815cb88
                           .group:0000000000000000 wm4.usb_core.h.31.114a1d0e1de4beb01afdcd243bde9471

UNDEFINED SYMBOLS
wInterrupt_Mask
GetEPTxAddr
UserToPMABufferCopy
SetEPTxCount
GetEPRxCount
GetEPRxAddr
PMAToUserBufferCopy
